\BOOKMARK [1][-]{section.1}{\376\377\000I\000n\000t\000r\000o\000d\000u\000c\000t\000i\000o\000n}{}% 1
\BOOKMARK [1][-]{section.2}{\376\377\000A\000\040\000S\000p\000e\000c\000i\000a\000l\000\040\000C\000l\000a\000s\000s\000\040\000o\000f\000\040\000C\000i\000r\000c\000u\000l\000a\000r\000\040\000M\000e\000c\000h\000a\000n\000i\000s\000m\000s}{}% 2
\BOOKMARK [1][-]{section.3}{\376\377\000E\000n\000d\000o\000g\000e\000n\000o\000u\000s\000\040\000U\000n\000a\000c\000t\000i\000o\000n\000a\000b\000i\000l\000i\000t\000y}{}% 3
\BOOKMARK [1][-]{section.4}{\376\377\000M\000y\000e\000r\000s\000o\000n\000\040\000a\000n\000d\000\040\000N\000o\000n\000-\000M\000y\000e\000r\000s\000o\000n\000\040\000L\000a\000y\000e\000r\000s}{}% 4
\BOOKMARK [1][-]{section.5}{\376\377\000F\000r\000o\000m\000\040\000P\000r\000i\000v\000a\000c\000y\000\040\000W\000a\000l\000l\000s\000\040\000t\000o\000\040\000S\000e\000l\000e\000c\000t\000i\000v\000e\000\040\000D\000i\000s\000c\000l\000o\000s\000u\000r\000e}{}% 5
\BOOKMARK [1][-]{section.6}{\376\377\000E\000p\000i\000s\000t\000e\000m\000i\000c\000\040\000U\000n\000c\000e\000r\000t\000a\000i\000n\000t\000y\000\040\000f\000r\000o\000m\000\040\000U\000n\000r\000e\000p\000r\000e\000s\000e\000n\000t\000a\000b\000l\000e\000\040\000V\000a\000l\000u\000e\000s}{}% 6
\BOOKMARK [2][-]{subsection.6.1}{\376\377\000T\000r\000u\000s\000t\000\040\000a\000s\000\040\000a\000n\000\040\000U\000n\000p\000a\000r\000a\000m\000e\000t\000e\000r\000i\000z\000a\000b\000l\000e\000\040\000D\000o\000m\000a\000i\000n\000\040\000S\000p\000a\000c\000e}{section.6}% 7
\BOOKMARK [2][-]{subsection.6.2}{\376\377\000T\000h\000e\000\040\000T\000r\000u\000s\000t\000\040\000P\000a\000r\000a\000m\000e\000t\000e\000r\000\040\000C\000a\000n\000n\000o\000t\000\040\000B\000e\000\040\000E\000l\000i\000c\000i\000t\000e\000d}{section.6}% 8
\BOOKMARK [2][-]{subsection.6.3}{\376\377\000G\000\366\000d\000e\000l\000-\000T\000y\000p\000e\000\040\000C\000o\000l\000l\000a\000p\000s\000e}{section.6}% 9
\BOOKMARK [2][-]{subsection.6.4}{\376\377\000U\000n\000c\000e\000r\000t\000a\000i\000n\000t\000y\000\040\000a\000n\000d\000\040\000I\000n\000d\000i\000r\000e\000c\000t\000\040\000M\000e\000c\000h\000a\000n\000i\000s\000m\000s}{section.6}% 10
\BOOKMARK [1][-]{section.7}{\376\377\000F\000r\000o\000m\000\040\000U\000n\000c\000e\000r\000t\000a\000i\000n\000t\000y\000\040\000t\000o\000\040\000I\000n\000c\000e\000n\000t\000i\000v\000e\000\040\000C\000o\000m\000p\000a\000t\000i\000b\000i\000l\000i\000t\000y}{}% 11
\BOOKMARK [1][-]{section.8}{\376\377\000E\000x\000p\000l\000a\000i\000n\000i\000n\000g\000\040\000I\000m\000p\000o\000s\000s\000i\000b\000i\000l\000i\000t\000y}{}% 12
\BOOKMARK [1][-]{section.9}{\376\377\000T\000h\000e\000\040\000G\000r\000a\000v\000i\000t\000y\000\040\000W\000e\000l\000l\000\040\000o\000f\000\040\000D\000i\000r\000e\000c\000t\000\040\000M\000e\000c\000h\000a\000n\000i\000s\000m\000s}{}% 13
\BOOKMARK [1][-]{section.10}{\376\377\000C\000o\000n\000c\000l\000u\000s\000i\000o\000n}{}% 14
\BOOKMARK [1][-]{appendix.A}{\376\377\000T\000e\000r\000m\000i\000n\000o\000l\000o\000g\000y}{}% 15
\BOOKMARK [1][-]{appendix.B}{\376\377\000C\000i\000r\000c\000u\000l\000a\000r\000\040\000M\000e\000c\000h\000a\000n\000i\000s\000m\000s}{}% 16
\BOOKMARK [1][-]{appendix.C}{\376\377\000S\000a\000i\000t\000o\000\040\000a\000s\000\040\000a\000n\000\040\000I\000m\000p\000l\000e\000m\000e\000n\000t\000e\000d\000\040\000I\000n\000s\000t\000a\000n\000c\000e\000\040\000o\000f\000\040\000E\000n\000d\000o\000g\000e\000n\000o\000u\000s\000\040\000U\000n\000a\000c\000t\000i\000o\000n\000a\000b\000i\000l\000i\000t\000y}{}% 17
\BOOKMARK [2][-]{subsection.C.1}{\376\377\000L\000a\000y\000e\000r\000s\000,\000\040\000A\000g\000g\000r\000e\000g\000a\000t\000i\000o\000n\000,\000\040\000a\000n\000d\000\040\000A\000r\000b\000i\000t\000r\000a\000g\000e}{appendix.C}% 18
\BOOKMARK [2][-]{subsection.C.2}{\376\377\000T\000r\000u\000s\000t\000,\000\040\000U\000n\000c\000e\000r\000t\000a\000i\000n\000t\000y\000,\000\040\000a\000n\000d\000\040\000E\000x\000p\000o\000s\000u\000r\000e}{appendix.C}% 19
\BOOKMARK [2][-]{subsection.C.3}{\376\377\000N\000o\000n\000-\000R\000e\000d\000u\000c\000i\000b\000i\000l\000i\000t\000y\000\040\000u\000n\000d\000e\000r\000\040\000t\000h\000e\000\040\000R\000e\000v\000e\000l\000a\000t\000i\000o\000n\000\040\000P\000r\000i\000n\000c\000i\000p\000l\000e}{appendix.C}% 20
\BOOKMARK [2][-]{subsection.C.4}{\376\377\000W\000h\000a\000t\000\040\000T\000h\000i\000s\000\040\000A\000p\000p\000e\000n\000d\000i\000x\000\040\000D\000o\000e\000s\000\040\000N\000o\000t\000\040\000C\000l\000a\000i\000m}{appendix.C}% 21
